2025-11-25T07:15:01Z [browserstack_sdk.__init__][INFO] - SDK run started with id: 7d7268cc-2b0f-401d-94c3-a460716d1e02
2025-11-25T07:15:01Z [browserstack_sdk.__init__][INFO] - Project and debug logs are captured by default. To disable, set disableAutoCaptureLogs: true in config.
2025-11-25T07:15:03Z [browserstack_sdk.__init__][INFO] - Setting up for Browserstack, using framework: robot
==============================================================================
Test                                                                          
==============================================================================
2025-11-25T07:15:03Z [browserstack_sdk.__init__][INFO] - Completed setup!
Verify Home Page Load                                                 2025-11-25T07:15:37Z [browserstack_sdk.__init__][INFO] - Completed setup!
| PASS |
------------------------------------------------------------------------------
Verify User Registration                                              2025-11-25T07:15:56Z [browserstack_sdk.__init__][INFO] - Completed setup!
| PASS |
------------------------------------------------------------------------------
Verify User Login                                                     2025-11-25T07:16:18Z [browserstack_sdk.__init__][INFO] - Completed setup!
| PASS |
------------------------------------------------------------------------------
Verify Add To Cart                                                    2025-11-25T07:16:41Z [browserstack_sdk.__init__][INFO] - Completed setup!
| PASS |
------------------------------------------------------------------------------
Verify Contact Form Submission                                        2025-11-25T07:17:06Z [browserstack_sdk.__init__][INFO] - Completed setup!
| PASS |
------------------------------------------------------------------------------
Test                                                                  | PASS |
5 tests, 5 passed, 0 failed
==============================================================================
Output:  /Users/aslanbekasylbekov/Desktop/pet projects/testing/assignment 2/pabot_results/1/output.xml
2025-11-25T07:17:26Z [browserstack_sdk.__init__][INFO] - Handling session close
2025-11-25T07:17:26Z [browserstack_sdk.__init__][INFO] - All done!
